2019-03-19 23:50:03,807-w_1.py-DEBUG-日志信息:hahah
2019-03-19 23:50:03,809-w_1.py-INFO-日志信息:haha
2019-03-19 23:50:03,810-w_1.py-WARNING-日志信息:hahaa
2019-03-19 23:50:03,810-w_1.py-ERROR-日志信息:ahaha
2019-03-19 23:50:03,810-w_1.py-CRITICAL-日志信息:ahahahaa
2019-03-19 23:50:38,538-w_1.py-INFO-日志信息:haha
2019-03-19 23:50:38,538-w_1.py-WARNING-日志信息:hahaa
2019-03-19 23:50:38,539-w_1.py-ERROR-日志信息:ahaha
2019-03-19 23:50:38,539-w_1.py-CRITICAL-日志信息:ahahahaa
2019-03-20 19:51:40,639-w_1.py-INFO-日志信息:haha
2019-03-20 19:51:40,639-w_1.py-WARNING-日志信息:hahaa
2019-03-20 19:51:40,640-w_1.py-ERROR-日志信息:ahaha
2019-03-20 19:51:40,640-w_1.py-CRITICAL-日志信息:ahahahaa
2019-03-20 19:53:26,607-w_1.py-WARNING-日志信息:hahaa
2019-03-20 19:53:26,607-w_1.py-ERROR-日志信息:ahaha
2019-03-20 19:53:26,607-w_1.py-CRITICAL-日志信息:ahahahaa
2019-03-20 19:54:31,077-w_1.py-WARNING-日志信息:hahaa
2019-03-20 19:54:31,077-w_1.py-ERROR-日志信息:ahaha
2019-03-20 19:54:31,077-w_1.py-CRITICAL-日志信息:ahahahaa
2019-04-24 20:32:13,598-w_1.py-WARNING-日志信息:hahaa
2019-04-24 20:32:13,599-w_1.py-ERROR-日志信息:ahaha
2019-04-24 20:32:13,599-w_1.py-CRITICAL-日志信息:ahahahaa
