2019-06-19 21:39:32,749 -  case -INFO - 测试开始啦 - [log.py:34 ]
2019-06-19 21:39:32,749 -  case -ERROR - 测试报错 - [log.py:35 ]
2019-06-19 21:39:32,749 -  case -DEBUG - 测试数据 - [log.py:36 ]
2019-06-19 21:39:32,749 -  case -INFO - 测试结束 - [log.py:37 ]
2019-06-19 21:39:32,771 -  test1_sendMCode -INFO - 准备测试前置 - [test1_sendMCode.py:21 ]
2019-06-19 21:39:33,645 -  test1_sendMCode -INFO - 开始测试：发送验证码成功 - [test1_sendMCode.py:29 ]
2019-06-19 21:39:33,646 -  test1_sendMCode -INFO - 请求是:{"client_ip":"192.168.0.105","tmpl_id":"1","mobile":"17625188013"} - [test1_sendMCode.py:30 ]
2019-06-19 21:39:34,373 -  test1_sendMCode -INFO - 响应结果是：PASS - [test1_sendMCode.py:46 ]
2019-06-19 21:39:34,444 -  test1_sendMCode -INFO - 结束测试：发送验证码成功 - [test1_sendMCode.py:48 ]
2019-06-19 21:39:34,446 -  test1_sendMCode -INFO - 准备测试前置 - [test1_sendMCode.py:21 ]
2019-06-19 21:39:34,684 -  test1_sendMCode -INFO - 开始测试：短信模板值不为1 - [test1_sendMCode.py:29 ]
2019-06-19 21:39:34,684 -  test1_sendMCode -INFO - 请求是:{"client_ip":"192.168.0.105","tmpl_id":"2","mobile":"17625188013"} - [test1_sendMCode.py:30 ]
2019-06-19 21:39:34,819 -  test1_sendMCode -INFO - 响应结果是：PASS - [test1_sendMCode.py:46 ]
2019-06-19 21:39:34,880 -  test1_sendMCode -INFO - 结束测试：短信模板值不为1 - [test1_sendMCode.py:48 ]
2019-06-19 21:39:34,881 -  test1_sendMCode -INFO - 准备测试前置 - [test1_sendMCode.py:21 ]
2019-06-19 21:39:35,140 -  test1_sendMCode -INFO - 开始测试：手机号码为空 - [test1_sendMCode.py:29 ]
2019-06-19 21:39:35,140 -  test1_sendMCode -INFO - 请求是:{"client_ip":"192.168.0.105","tmpl_id":"1","mobile":""} - [test1_sendMCode.py:30 ]
2019-06-19 21:39:35,246 -  test1_sendMCode -INFO - 响应结果是：PASS - [test1_sendMCode.py:46 ]
2019-06-19 21:39:35,307 -  test1_sendMCode -INFO - 结束测试：手机号码为空 - [test1_sendMCode.py:48 ]
2019-06-19 21:39:35,307 -  test1_sendMCode -INFO - 准备测试前置 - [test1_sendMCode.py:21 ]
2019-06-19 21:39:35,704 -  test1_sendMCode -INFO - 开始测试：ip为空 - [test1_sendMCode.py:29 ]
2019-06-19 21:39:35,705 -  test1_sendMCode -INFO - 请求是:{"client_ip":"","tmpl_id":"1","mobile":"18762725696"} - [test1_sendMCode.py:30 ]
2019-06-19 21:39:35,809 -  test1_sendMCode -INFO - 响应结果是：PASS - [test1_sendMCode.py:46 ]
2019-06-19 21:39:35,868 -  test1_sendMCode -INFO - 结束测试：ip为空 - [test1_sendMCode.py:48 ]
2019-06-19 21:39:35,869 -  test1_sendMCode -INFO - 准备测试前置 - [test1_sendMCode.py:21 ]
2019-06-19 21:39:36,061 -  test1_sendMCode -INFO - 开始测试：手机格式错误 - [test1_sendMCode.py:29 ]
2019-06-19 21:39:36,062 -  test1_sendMCode -INFO - 请求是:{"client_ip":"192.168.0.105","tmpl_id":"1","mobile":"1762518328013"} - [test1_sendMCode.py:30 ]
2019-06-19 21:39:36,202 -  test1_sendMCode -INFO - 响应结果是：PASS - [test1_sendMCode.py:46 ]
2019-06-19 21:39:36,265 -  test1_sendMCode -INFO - 结束测试：手机格式错误 - [test1_sendMCode.py:48 ]
